 KPT            1  SPIN            1  KWEIGHT    1.0000000000000000     
     1   -23.978  2.00000
     2   -23.837  2.00000
     3   -21.011  2.00000
     4   -20.426  2.00000
     5   -17.635  2.00000
     6   -16.578  2.00000
     7   -15.686  2.00000
     8   -14.389  2.00000
     9   -13.607  2.00000
    10   -12.490  2.00000
    11   -11.625  2.00000
    12   -11.436  2.00000
    13   -10.958  2.00000
    14   -10.697  2.00000
    15   -10.281  2.00000
    16   -10.244  2.00000
    17    -9.900  2.00000
    18    -9.612  2.00000
    19    -9.579  2.00000
    20    -9.130  2.00000
    21    -8.783  2.00000
    22    -8.668  2.00000
    23    -8.310  2.00000
    24    -8.127  2.00000
    25    -8.121  2.00000
    26    -6.218  2.00000
    27    -6.146  2.00000
    28    -5.679  2.00000
    29    -5.562  2.00000
    30    -2.363  0.00000
    31    -2.027  0.00000
    32     6.824  0.00000
    33     7.191  0.00000
    34     7.427  0.00000
    35     7.730  0.00000
    36     8.124  0.00000
    37     8.925  0.00000
    38     9.424  0.00000
    39    10.149  0.00000
    40    10.502  0.00000
    41    10.899  0.00000
    42    11.781  0.00000
    43    11.916  0.00000
    44    13.247  0.00000
    45    13.758  0.00000
    46    14.368  0.00000
    47    14.463  0.00000
    48    15.531  0.00000
    49    15.657  0.00000
    50    17.408  0.00000
    51    24.440  0.00000
    52    24.723  0.00000

