 Fermi distribution function

Calculation with static geometry


********************************************************************************
 iSCC Total electronic   Diff electronic      SCC error    
   12   -0.26867768E+02   -0.21540103E-10    0.48997392E-06
********************************************************************************

 Total charge:    -0.00000000

 Atomic gross charges (e)
 Atom           Charge
    1      -0.25339612
    2       0.50830695
    3      -0.43930889
    4      -0.39010926
    5       0.08272654
    6       0.52056505
    7      -0.43925901
    8      -0.38887925
    9      -0.05787776
   10      -0.24626049
   11       0.06285793
   12       0.08755480
   13       0.09835659
   14       0.21209894
   15       0.04697894
   16       0.20303033
   17       0.06723381
   18       0.05146917
   19       0.04213165
   20       0.09948754
   21       0.06046667
   22       0.07182587

Nr. of electrons (up):     58.00000000
Atom populations (up)
 Atom       Population
    1       4.25339612
    2       3.49169305
    3       6.43930889
    4       5.39010926
    5       3.91727346
    6       3.47943495
    7       6.43925901
    8       5.38887925
    9       4.05787776
   10       4.24626049
   11       0.93714207
   12       0.91244520
   13       0.90164341
   14       0.78790106
   15       0.95302106
   16       0.79696967
   17       0.93276619
   18       0.94853083
   19       0.95786835
   20       0.90051246
   21       0.93953333
   22       0.92817413

l-shell populations (up)
 Atom Sh.   l       Population
    1   1   0       1.27204339
    1   2   1       2.98135273
    2   1   0       1.11317797
    2   2   1       2.37851508
    3   1   0       1.78448842
    3   2   1       4.65482047
    4   1   0       1.38161995
    4   2   1       4.00848931
    5   1   0       1.16595075
    5   2   1       2.75132271
    6   1   0       1.11069233
    6   2   1       2.36874262
    7   1   0       1.78435137
    7   2   1       4.65490765
    8   1   0       1.38046673
    8   2   1       4.00841252
    9   1   0       1.23282728
    9   2   1       2.82505048
   10   1   0       1.27782051
   10   2   1       2.96843998
   11   1   0       0.93714207
   12   1   0       0.91244520
   13   1   0       0.90164341
   14   1   0       0.78790106
   15   1   0       0.95302106
   16   1   0       0.79696967
   17   1   0       0.93276619
   18   1   0       0.94853083
   19   1   0       0.95786835
   20   1   0       0.90051246
   21   1   0       0.93953333
   22   1   0       0.92817413

Orbital populations (up)
 Atom Sh.   l   m       Population  Label
    1   1   0   0       1.27204339  s
    1   2   1  -1       1.00240942  p_y
    1   2   1   0       0.99250210  p_z
    1   2   1   1       0.98644121  p_x
    2   1   0   0       1.11317797  s
    2   2   1  -1       0.77649961  p_y
    2   2   1   0       0.79077894  p_z
    2   2   1   1       0.81123653  p_x
    3   1   0   0       1.78448842  s
    3   2   1  -1       1.51619848  p_y
    3   2   1   0       1.38860575  p_z
    3   2   1   1       1.75001624  p_x
    4   1   0   0       1.38161995  s
    4   2   1  -1       1.10559974  p_y
    4   2   1   0       1.82777169  p_z
    4   2   1   1       1.07511787  p_x
    5   1   0   0       1.16595075  s
    5   2   1  -1       0.95967814  p_y
    5   2   1   0       0.94550342  p_z
    5   2   1   1       0.84614114  p_x
    6   1   0   0       1.11069233  s
    6   2   1  -1       0.83008082  p_y
    6   2   1   0       0.74898548  p_z
    6   2   1   1       0.78967632  p_x
    7   1   0   0       1.78435137  s
    7   2   1  -1       1.91987260  p_y
    7   2   1   0       1.37428460  p_z
    7   2   1   1       1.36075045  p_x
    8   1   0   0       1.38046673  s
    8   2   1  -1       1.08895629  p_y
    8   2   1   0       1.32417523  p_z
    8   2   1   1       1.59528099  p_x
    9   1   0   0       1.23282728  s
    9   2   1  -1       0.91511686  p_y
    9   2   1   0       0.95550102  p_z
    9   2   1   1       0.95443260  p_x
   10   1   0   0       1.27782051  s
   10   2   1  -1       0.97385774  p_y
   10   2   1   0       0.98753324  p_z
   10   2   1   1       1.00704900  p_x
   11   1   0   0       0.93714207  s
   12   1   0   0       0.91244520  s
   13   1   0   0       0.90164341  s
   14   1   0   0       0.78790106  s
   15   1   0   0       0.95302106  s
   16   1   0   0       0.79696967  s
   17   1   0   0       0.93276619  s
   18   1   0   0       0.94853083  s
   19   1   0   0       0.95786835  s
   20   1   0   0       0.90051246  s
   21   1   0   0       0.93953333  s
   22   1   0   0       0.92817413  s

Fermi level:                        -0.1456033311 H           -3.9621 eV
Band energy:                       -25.6299133439 H         -697.4254 eV
TS:                                  0.0000000000 H            0.0000 eV
Band free energy (E-TS):           -25.6299133439 H         -697.4254 eV
Extrapolated E(0K):                -25.6299133439 H         -697.4254 eV
Input / Output electrons (q):     58.0000000000     58.0000000000

Energy H0:                         -26.9132807881 H         -732.3476 eV
Energy SCC:                          0.0455123788 H            1.2385 eV
Total Electronic energy:           -26.8677684093 H         -731.1092 eV
Repulsive energy:                    0.7432563865 H           20.2250 eV
Total energy:                      -26.1245120228 H         -710.8841 eV
Extrapolated to 0:                 -26.1245120228 H         -710.8841 eV
Total Mermin free energy:          -26.1245120228 H         -710.8841 eV
Force related energy:              -26.1245120228 H         -710.8841 eV

SCC converged

Dipole moment:   -0.87627691    0.02995839   -1.48217360 au
Dipole moment:   -2.22727391    0.07614663   -3.76730982 Debye


